[LOG] System::create                           : Header version = 1.10.13. Current version = 1.10.13.
[LOG] Manager::init                            : maxchannels = 256 studioflags = 00000006 flags 00000000 extradriverdata 0000000000000000.
[LOG] SystemI::init                            : Initialize version=11013 (102169), maxchannels=256, flags=0x00020000
[LOG] SystemI::setOutputInternal               : Setting output to 'FMOD WASAPI Output'
[LOG] OutputWASAPI::init                       : Mix Format (WAVEFORMATEX): wFormatTag=0xFFFE, nChannels=2, nSamplesPerSec=48000, nAvgBytesPerSec=384000, nBlockAlign=8, wBitsPerSample=32, cbSize=22.
[LOG] OutputWASAPI::init                       : Mix Format (WAVEFORMATEXTENSIBLE): wValidBitsPerSample=32, dwChannelMask=0x00000003, SubFormat=00000003-0000-0010-8000-00AA00389B71.
[LOG] OutputWASAPI::init                       : Output buffer size: 4096 samples, latency: 0.00ms, period: 10.00ms, DSP buffer: 1024 * 4
[LOG] Thread::initThread                       : Init FMOD stream thread. Priority: 2, Stack Size: 65536, Semaphore: No, Sleep Time: 10, Looping: Yes.
[LOG] Thread::initThread                       : Init FMOD mixer thread. Priority: 3, Stack Size: 49152, Semaphore: No, Sleep Time: 0, Looping: Yes.
[LOG] AsyncManager::init                       : manager 00000237C8B299D8 isAsync 0 updatePeriod 0.02
[LOG] AsyncManager::init                       : done
[LOG] PlaybackSystem::init                     : 
[LOG] Thread::initThread                       : Init FMOD Studio sample load thread. Priority: 0, Stack Size: 65536, Semaphore: No, Sleep Time: 1, Looping: No.
[LOG] PlaybackSystem::init                     : done
[LOG] Thread::initThread                       : Init FMOD Studio bank load thread. Priority: 0, Stack Size: 65536, Semaphore: No, Sleep Time: 1, Looping: No.
[LOG] Manager::init                            : done.
[LOG] Manager::readBank                        : fileversion = 103, compatVersion = 99 (oldest = 44, newest = 103)
[LOG] SystemI::createSoundInternal             : Create name='', mode=0x02000202
[LOG] SystemI::createSoundInternal             : exinfo->cbsize             = 232
[LOG] SystemI::createSoundInternal             : exinfo->length             = 5639968
[LOG] SystemI::createSoundInternal             : exinfo->fileoffset         = 23040
[LOG] SystemI::createSoundInternal             : exinfo->numsubsounds       = 1
[LOG] SystemI::createSoundInternal             : exinfo->inclusionlist      = 000000D918EFF49C
[LOG] SystemI::createSoundInternal             : exinfo->inclusionlistnum   = 1
[LOG] SystemI::createSoundInternal             : exinfo->suggestedsoundtype = 5
[LOG] SystemI::createSoundInternal             : exinfo->useropen           = 00007FFA8BE10EE0
[LOG] SystemI::createSoundInternal             : exinfo->userclose          = 00007FFA8BE10EB0
[LOG] SystemI::createSoundInternal             : exinfo->userread           = 00007FFA8BE10FB0
[LOG] SystemI::createSoundInternal             : exinfo->userseek           = 00007FFA8BE11070
[LOG] SystemI::createSoundInternal             : exinfo->fileuserdata       = 000002382E47DB48
[LOG] SystemI::createSoundInternal             : exinfo->initialseekpostype = 1
[LOG] SystemI::DSPCodecPoolRegister            : register codec pool for pool type 5
[LOG] SystemI::createSoundInternal             : Sample 0/1: name='Whoosh_Source_Rope_03', format=2, channels=2, frequency=48000, lengthbytes=18944, lengthpcm=84367, pcmblocksize=0, loopstart=0, loopend=0, mode=0x00000000, channelmask=0x00000000, channelorder=0, peakvolume=0.707946.
[LOG] SystemI::createSoundInternal             : Create name='', mode=0x02000202
[LOG] SystemI::createSoundInternal             : exinfo->cbsize             = 232
[LOG] SystemI::createSoundInternal             : exinfo->length             = 5639968
[LOG] SystemI::createSoundInternal             : exinfo->fileoffset         = 23040
[LOG] SystemI::createSoundInternal             : exinfo->numsubsounds       = 1
[LOG] SystemI::createSoundInternal             : exinfo->inclusionlist      = 000000D918EFF49C
[LOG] SystemI::createSoundInternal             : exinfo->inclusionlistnum   = 1
[LOG] SystemI::createSoundInternal             : exinfo->suggestedsoundtype = 5
[LOG] SystemI::createSoundInternal             : exinfo->useropen           = 00007FFA8BE10EE0
[LOG] SystemI::createSoundInternal             : exinfo->userclose          = 00007FFA8BE10EB0
[LOG] SystemI::createSoundInternal             : exinfo->userread           = 00007FFA8BE10FB0
[LOG] SystemI::createSoundInternal             : exinfo->userseek           = 00007FFA8BE11070
[LOG] SystemI::createSoundInternal             : exinfo->fileuserdata       = 000002382E47DB48
[LOG] SystemI::createSoundInternal             : exinfo->initialseekpostype = 1
[LOG] SystemI::DSPCodecPoolRegister            : register codec pool for pool type 5
[LOG] SystemI::createSoundInternal             : Sample 0/1: name='Future Weapons 3 - Crossbow -Arrow Hit 2', format=2, channels=2, frequency=48000, lengthbytes=19776, lengthpcm=77955, pcmblocksize=0, loopstart=0, loopend=0, mode=0x00000000, channelmask=0x00000000, channelorder=0, peakvolume=0.963818.
[LOG] SystemI::createSoundInternal             : Create name='', mode=0x02000202
[LOG] SystemI::createSoundInternal             : exinfo->cbsize             = 232
[LOG] SystemI::createSoundInternal             : exinfo->length             = 5639968
[LOG] SystemI::createSoundInternal             : exinfo->fileoffset         = 23040
[LOG] SystemI::createSoundInternal             : exinfo->numsubsounds       = 1
[LOG] SystemI::createSoundInternal             : exinfo->inclusionlist      = 000000D918EFF49C
[LOG] SystemI::createSoundInternal             : exinfo->inclusionlistnum   = 1
[LOG] SystemI::createSoundInternal             : exinfo->suggestedsoundtype = 5
[LOG] SystemI::createSoundInternal             : exinfo->useropen           = 00007FFA8BE10EE0
[LOG] SystemI::createSoundInternal             : exinfo->userclose          = 00007FFA8BE10EB0
[LOG] SystemI::createSoundInternal             : exinfo->userread           = 00007FFA8BE10FB0
[LOG] SystemI::createSoundInternal             : exinfo->userseek           = 00007FFA8BE11070
[LOG] SystemI::createSoundInternal             : exinfo->fileuserdata       = 000002382E47DB48
[LOG] SystemI::createSoundInternal             : exinfo->initialseekpostype = 1
[LOG] SystemI::DSPCodecPoolRegister            : register codec pool for pool type 5
[LOG] SystemI::createSoundInternal             : Sample 0/1: name='Jelly,Movement,Gore,Liquid,Splat,Impact,Slime,Various07', format=2, channels=2, frequency=48000, lengthbytes=8416, lengthpcm=26704, pcmblocksize=0, loopstart=0, loopend=0, mode=0x00000000, channelmask=0x00000000, channelorder=0, peakvolume=0.277701.
[LOG] SystemI::createSoundInternal             : Create name='', mode=0x02000202
[LOG] SystemI::createSoundInternal             : exinfo->cbsize             = 232
[LOG] SystemI::createSoundInternal             : exinfo->length             = 5639968
[LOG] SystemI::createSoundInternal             : exinfo->fileoffset         = 23040
[LOG] SystemI::createSoundInternal             : exinfo->numsubsounds       = 1
[LOG] SystemI::createSoundInternal             : exinfo->inclusionlist      = 000000D918EFF49C
[LOG] SystemI::createSoundInternal             : exinfo->inclusionlistnum   = 1
[LOG] SystemI::createSoundInternal             : exinfo->suggestedsoundtype = 5
[LOG] SystemI::createSoundInternal             : exinfo->useropen           = 00007FFA8BE10EE0
[LOG] SystemI::createSoundInternal             : exinfo->userclose          = 00007FFA8BE10EB0
[LOG] SystemI::createSoundInternal             : exinfo->userread           = 00007FFA8BE10FB0
[LOG] SystemI::createSoundInternal             : exinfo->userseek           = 00007FFA8BE11070
[LOG] SystemI::createSoundInternal             : exinfo->fileuserdata       = 000002382E47DB48
[LOG] SystemI::createSoundInternal             : exinfo->initialseekpostype = 1
[LOG] SystemI::DSPCodecPoolRegister            : register codec pool for pool type 5
[LOG] SystemI::createSoundInternal             : Sample 0/1: name='Jelly,Movement,Gore,Liquid,Splat,Impact,Slime,Various09', format=2, channels=2, frequency=48000, lengthbytes=10464, lengthpcm=29344, pcmblocksize=0, loopstart=0, loopend=0, mode=0x00000000, channelmask=0x00000000, channelorder=0, peakvolume=0.952797.
[LOG] SystemI::createSoundInternal             : Create name='', mode=0x02000202
[LOG] SystemI::createSoundInternal             : exinfo->cbsize             = 232
[LOG] SystemI::createSoundInternal             : exinfo->length             = 5639968
[LOG] SystemI::createSoundInternal             : exinfo->fileoffset         = 23040
[LOG] SystemI::createSoundInternal             : exinfo->numsubsounds       = 1
[LOG] SystemI::createSoundInternal             : exinfo->inclusionlist      = 000000D918EFF49C
[LOG] SystemI::createSoundInternal             : exinfo->inclusionlistnum   = 1
[LOG] SystemI::createSoundInternal             : exinfo->suggestedsoundtype = 5
[LOG] SystemI::createSoundInternal             : exinfo->useropen           = 00007FFA8BE10EE0
[LOG] SystemI::createSoundInternal             : exinfo->userclose          = 00007FFA8BE10EB0
[LOG] SystemI::createSoundInternal             : exinfo->userread           = 00007FFA8BE10FB0
[LOG] SystemI::createSoundInternal             : exinfo->userseek           = 00007FFA8BE11070
[LOG] SystemI::createSoundInternal             : exinfo->fileuserdata       = 000002382E47DB48
[LOG] SystemI::createSoundInternal             : exinfo->initialseekpostype = 1
[LOG] SystemI::DSPCodecPoolRegister            : register codec pool for pool type 5
[LOG] SystemI::createSoundInternal             : Sample 0/1: name='RopeStretch', format=2, channels=2, frequency=48000, lengthbytes=35520, lengthpcm=94317, pcmblocksize=0, loopstart=0, loopend=0, mode=0x00000000, channelmask=0x00000000, channelorder=0, peakvolume=0.626801.
[LOG] SystemI::createSoundInternal             : Create name='', mode=0x02000202
[LOG] SystemI::createSoundInternal             : exinfo->cbsize             = 232
[LOG] SystemI::createSoundInternal             : exinfo->length             = 5639968
[LOG] SystemI::createSoundInternal             : exinfo->fileoffset         = 23040
[LOG] SystemI::createSoundInternal             : exinfo->numsubsounds       = 1
[LOG] SystemI::createSoundInternal             : exinfo->inclusionlist      = 000000D918EFF49C
[LOG] SystemI::createSoundInternal             : exinfo->inclusionlistnum   = 1
[LOG] SystemI::createSoundInternal             : exinfo->suggestedsoundtype = 5
[LOG] SystemI::createSoundInternal             : exinfo->useropen           = 00007FFA8BE10EE0
[LOG] SystemI::createSoundInternal             : exinfo->userclose          = 00007FFA8BE10EB0
[LOG] SystemI::createSoundInternal             : exinfo->userread           = 00007FFA8BE10FB0
[LOG] SystemI::createSoundInternal             : exinfo->userseek           = 00007FFA8BE11070
[LOG] SystemI::createSoundInternal             : exinfo->fileuserdata       = 000002382E47DB48
[LOG] SystemI::createSoundInternal             : exinfo->initialseekpostype = 1
[LOG] SystemI::DSPCodecPoolRegister            : register codec pool for pool type 5
[LOG] SystemI::createSoundInternal             : Sample 0/1: name='Jelly,Movement,Gore,Liquid,Splat,Impact,Slime,Various08', format=2, channels=2, frequency=48000, lengthbytes=6240, lengthpcm=18432, pcmblocksize=0, loopstart=0, loopend=0, mode=0x00000000, channelmask=0x00000000, channelorder=0, peakvolume=0.319715.
[LOG] SystemI::createSoundInternal             : Create name='', mode=0x02000202
[LOG] SystemI::createSoundInternal             : exinfo->cbsize             = 232
[LOG] SystemI::createSoundInternal             : exinfo->length             = 5639968
[LOG] SystemI::createSoundInternal             : exinfo->fileoffset         = 23040
[LOG] SystemI::createSoundInternal             : exinfo->numsubsounds       = 1
[LOG] SystemI::createSoundInternal             : exinfo->inclusionlist      = 000000D918EFF49C
[LOG] SystemI::createSoundInternal             : exinfo->inclusionlistnum   = 1
[LOG] SystemI::createSoundInternal             : exinfo->suggestedsoundtype = 5
[LOG] SystemI::createSoundInternal             : exinfo->useropen           = 00007FFA8BE10EE0
[LOG] SystemI::createSoundInternal             : exinfo->userclose          = 00007FFA8BE10EB0
[LOG] SystemI::createSoundInternal             : exinfo->userread           = 00007FFA8BE10FB0
[LOG] SystemI::createSoundInternal             : exinfo->userseek           = 00007FFA8BE11070
[LOG] SystemI::createSoundInternal             : exinfo->fileuserdata       = 000002382E47DB48
[LOG] SystemI::createSoundInternal             : exinfo->initialseekpostype = 1
[LOG] SystemI::DSPCodecPoolRegister            : register codec pool for pool type 5
[LOG] SystemI::createSoundInternal             : Sample 0/1: name='Jelly,Movement,Gore,Liquid,Splat,Impact,Slime,Various06', format=2, channels=2, frequency=48000, lengthbytes=10080, lengthpcm=32576, pcmblocksize=0, loopstart=0, loopend=0, mode=0x00000000, channelmask=0x00000000, channelorder=0, peakvolume=0.243944.
[LOG] Manager::readBank                        : fileversion = 103, compatVersion = 99 (oldest = 44, newest = 103)
[LOG] Manager::readBank                        : fileversion = 103, compatVersion = 99 (oldest = 44, newest = 103)
[LOG] Manager::readBank                        : fileversion = 103, compatVersion = 99 (oldest = 44, newest = 103)
[LOG] Manager::readBank                        : fileversion = 103, compatVersion = 99 (oldest = 44, newest = 103)
[LOG] Manager::readBank                        : fileversion = 103, compatVersion = 99 (oldest = 44, newest = 103)
[LOG] PlaybackSystem::acquireMasterBus         : Setting master channel group format to 3
[LOG] SoundI::release                          :  (00000237DAEF7CE8)
[LOG] SoundI::release                          :     Whoosh_Source_Rope_03 (00000237D13478B8)
[LOG] SoundI::release                          :  (00000237DAEF72D8)
[LOG] SoundI::release                          :     Future Weapons 3 - Crossbow -Arrow Hit 2 (00000237D1347098)
[LOG] SoundI::release                          :  (00000237DAEF75B8)
[LOG] SoundI::release                          :     Jelly,Movement,Gore,Liquid,Splat,Impact,Slime,Various06 (00000237DEBE4E48)
[LOG] SoundI::release                          :  (00000237DAEF47B8)
[LOG] SoundI::release                          :     Jelly,Movement,Gore,Liquid,Splat,Impact,Slime,Various07 (00000237D13461F8)
[LOG] SoundI::release                          :  (00000237DAEF5A68)
[LOG] SoundI::release                          :     Jelly,Movement,Gore,Liquid,Splat,Impact,Slime,Various08 (00000237D13466D8)
[LOG] SoundI::release                          :  (00000237DAEF54A8)
[LOG] SoundI::release                          :     Jelly,Movement,Gore,Liquid,Splat,Impact,Slime,Various09 (00000237D1346398)
[LOG] SoundI::release                          :  (00000237DAEF6308)
[LOG] SoundI::release                          :     RopeStretch (00000237D1346538)
[LOG] Thread::callback                         : FMOD Studio update thread finished.
[LOG] Thread::callback                         : FMOD Studio bank load thread finished.
[LOG] Profile::disconnectAll                   : Profiler disconnecting all clients
[LOG] Thread::callback                         : FMOD Studio sample load thread finished.
[LOG] LiveUpdate::release                      : 
[LOG] LiveUpdate::reset                        : Reset connection (reason Disconnected)
[LOG] Thread::callback                         : FMOD stream thread finished.
[LOG] Thread::callback                         : FMOD mixer thread finished.
[LOG] Profile::disconnectAll                   : Profiler disconnecting all clients
[LOG] SystemI::close                           : Closed.
[LOG] Thread::callback                         : FMOD Studio bank load thread finished.
[LOG] Thread::callback                         : FMOD Studio sample load thread finished.
[LOG] LiveUpdate::release                      : 
[LOG] LiveUpdate::reset                        : Reset connection (reason Disconnected)
[LOG] Thread::callback                         : FMOD stream thread finished.
[LOG] Thread::callback                         : FMOD mixer thread finished.
[LOG] SystemI::close                           : Closed.
